2018-08-26 09:48:44,318 DEBUG o.s.c.e.MutablePropertySources [main] Adding PropertySource 'configurationProperties' with highest search precedence
2018-08-26 09:48:44,355 DEBUG o.s.c.e.MutablePropertySources [main] Adding PropertySource 'servletConfigInitParams' with lowest search precedence
2018-08-26 09:48:44,356 DEBUG o.s.c.e.MutablePropertySources [main] Adding PropertySource 'servletContextInitParams' with lowest search precedence
2018-08-26 09:48:44,356 DEBUG o.s.c.e.MutablePropertySources [main] Adding PropertySource 'systemProperties' with lowest search precedence
2018-08-26 09:48:44,357 DEBUG o.s.c.e.MutablePropertySources [main] Adding PropertySource 'systemEnvironment' with lowest search precedence
2018-08-26 09:48:44,357 DEBUG o.s.c.e.AbstractEnvironment [main] Initialized StandardServletEnvironment with PropertySources [StubPropertySource {name='servletConfigInitParams'}, StubPropertySource {name='servletContextInitParams'}, MapPropertySource {name='systemProperties'}, SystemEnvironmentPropertySource {name='systemEnvironment'}]
2018-08-26 09:48:44,420 INFO o.s.b.StartupInfoLogger [main] Starting SpringBootRestPalindromeApplication v0.0.1-SNAPSHOT on Alemberhans-MBP.fios-router.home with PID 1187 (/Users/adginfosys/Documents/JAVA_WS/spring-boot-rest-palindrome/target/spring-boot-rest-palindrome-0.0.1-SNAPSHOT.war started by adginfosys in /Users/adginfosys/Documents/JAVA_WS/spring-boot-rest-palindrome)
2018-08-26 09:48:44,421 DEBUG o.s.b.StartupInfoLogger [main] Running with Spring Boot v2.0.4.RELEASE, Spring v5.0.8.RELEASE
2018-08-26 09:48:44,421 INFO o.s.b.SpringApplication [main] No active profile set, falling back to default profiles: default
2018-08-26 09:48:44,459 INFO o.s.c.s.AbstractApplicationContext [main] Refreshing org.springframework.boot.web.servlet.context.AnnotationConfigServletWebServerApplicationContext@511baa65: startup date [Sun Aug 26 09:48:44 EDT 2018]; root of context hierarchy
2018-08-26 09:48:44,910 DEBUG o.s.c.e.MutablePropertySources [main] Removing PropertySource 'defaultProperties'
2018-08-26 09:48:45,216 INFO o.s.b.w.e.t.TomcatWebServer [main] Tomcat initialized with port(s): 8080 (http)
2018-08-26 09:48:45,236 INFO o.a.j.l.DirectJDKLog [main] Initializing ProtocolHandler ["http-nio-8080"]
2018-08-26 09:48:45,244 INFO o.a.j.l.DirectJDKLog [main] Starting service [Tomcat]
2018-08-26 09:48:45,245 INFO o.a.j.l.DirectJDKLog [main] Starting Servlet Engine: Apache Tomcat/8.5.32
2018-08-26 09:48:45,253 INFO o.a.j.l.DirectJDKLog [localhost-startStop-1] The APR based Apache Tomcat Native library which allows optimal performance in production environments was not found on the java.library.path: [/Users/adginfosys/Library/Java/Extensions:/Library/Java/Extensions:/Network/Library/Java/Extensions:/System/Library/Java/Extensions:/usr/lib/java:.]
2018-08-26 09:48:45,882 INFO o.a.j.l.DirectJDKLog [localhost-startStop-1] Initializing Spring embedded WebApplicationContext
2018-08-26 09:48:45,882 DEBUG o.s.b.w.s.c.ServletWebServerApplicationContext [localhost-startStop-1] Published root WebApplicationContext as ServletContext attribute with name [org.springframework.web.context.WebApplicationContext.ROOT]
2018-08-26 09:48:45,882 INFO o.s.b.w.s.c.ServletWebServerApplicationContext [localhost-startStop-1] Root WebApplicationContext: initialization completed in 1425 ms
2018-08-26 09:48:45,933 INFO o.s.b.w.s.ServletRegistrationBean [localhost-startStop-1] Servlet dispatcherServlet mapped to [/]
2018-08-26 09:48:45,937 INFO o.s.b.w.s.AbstractFilterRegistrationBean [localhost-startStop-1] Mapping filter: 'characterEncodingFilter' to: [/*]
2018-08-26 09:48:45,938 INFO o.s.b.w.s.AbstractFilterRegistrationBean [localhost-startStop-1] Mapping filter: 'hiddenHttpMethodFilter' to: [/*]
2018-08-26 09:48:45,938 INFO o.s.b.w.s.AbstractFilterRegistrationBean [localhost-startStop-1] Mapping filter: 'httpPutFormContentFilter' to: [/*]
2018-08-26 09:48:45,938 INFO o.s.b.w.s.AbstractFilterRegistrationBean [localhost-startStop-1] Mapping filter: 'requestContextFilter' to: [/*]
2018-08-26 09:48:45,960 DEBUG o.s.c.e.MutablePropertySources [main] Replacing PropertySource 'servletContextInitParams' with 'servletContextInitParams'
2018-08-26 09:48:46,037 INFO o.s.w.s.h.AbstractUrlHandlerMapping [main] Mapped URL path [/**/favicon.ico] onto handler of type [class org.springframework.web.servlet.resource.ResourceHttpRequestHandler]
2018-08-26 09:48:46,187 INFO o.s.w.s.m.m.a.RequestMappingHandlerAdapter [main] Looking for @ControllerAdvice: org.springframework.boot.web.servlet.context.AnnotationConfigServletWebServerApplicationContext@511baa65: startup date [Sun Aug 26 09:48:44 EDT 2018]; root of context hierarchy
2018-08-26 09:48:46,228 DEBUG o.s.w.s.h.AbstractHandlerMethodMapping [main] Looking for request mappings in application context: org.springframework.boot.web.servlet.context.AnnotationConfigServletWebServerApplicationContext@511baa65: startup date [Sun Aug 26 09:48:44 EDT 2018]; root of context hierarchy
2018-08-26 09:48:46,236 DEBUG o.s.w.s.h.AbstractHandlerMethodMapping [main] 2 request handler methods found on class com.alem.palindrome.controller.EnglishTextController: {public java.lang.String com.alem.palindrome.controller.EnglishTextController.index(java.util.Map)={[/],methods=[GET]}, public java.lang.String com.alem.palindrome.controller.EnglishTextController.checkPalindrome(org.springframework.ui.ModelMap,java.lang.String)={[/],methods=[POST]}}
2018-08-26 09:48:46,238 INFO o.s.w.s.h.AbstractHandlerMethodMapping$MappingRegistry [main] Mapped "{[/],methods=[GET]}" onto public java.lang.String com.alem.palindrome.controller.EnglishTextController.index(java.util.Map<java.lang.String, java.lang.Object>)
2018-08-26 09:48:46,238 INFO o.s.w.s.h.AbstractHandlerMethodMapping$MappingRegistry [main] Mapped "{[/],methods=[POST]}" onto public java.lang.String com.alem.palindrome.controller.EnglishTextController.checkPalindrome(org.springframework.ui.ModelMap,java.lang.String)
2018-08-26 09:48:46,239 DEBUG o.s.w.s.h.AbstractHandlerMethodMapping [main] 0 request handler methods found on class com.alem.palindrome.controller.ErrorController: {}
2018-08-26 09:48:46,242 DEBUG o.s.w.s.h.AbstractHandlerMethodMapping [main] 2 request handler methods found on class org.springframework.boot.autoconfigure.web.servlet.error.BasicErrorController: {public org.springframework.http.ResponseEntity org.springframework.boot.autoconfigure.web.servlet.error.BasicErrorController.error(javax.servlet.http.HttpServletRequest)={[/error]}, public org.springframework.web.servlet.ModelAndView org.springframework.boot.autoconfigure.web.servlet.error.BasicErrorController.errorHtml(javax.servlet.http.HttpServletRequest,javax.servlet.http.HttpServletResponse)={[/error],produces=[text/html]}}
2018-08-26 09:48:46,243 INFO o.s.w.s.h.AbstractHandlerMethodMapping$MappingRegistry [main] Mapped "{[/error]}" onto public org.springframework.http.ResponseEntity<java.util.Map<java.lang.String, java.lang.Object>> org.springframework.boot.autoconfigure.web.servlet.error.BasicErrorController.error(javax.servlet.http.HttpServletRequest)
2018-08-26 09:48:46,243 INFO o.s.w.s.h.AbstractHandlerMethodMapping$MappingRegistry [main] Mapped "{[/error],produces=[text/html]}" onto public org.springframework.web.servlet.ModelAndView org.springframework.boot.autoconfigure.web.servlet.error.BasicErrorController.errorHtml(javax.servlet.http.HttpServletRequest,javax.servlet.http.HttpServletResponse)
2018-08-26 09:48:46,255 DEBUG o.s.w.s.h.AbstractDetectingUrlHandlerMapping [main] Looking for URL mappings in application context: org.springframework.boot.web.servlet.context.AnnotationConfigServletWebServerApplicationContext@511baa65: startup date [Sun Aug 26 09:48:44 EDT 2018]; root of context hierarchy
2018-08-26 09:48:46,256 DEBUG o.s.w.s.h.AbstractDetectingUrlHandlerMapping [main] Rejected bean name 'org.springframework.context.annotation.internalConfigurationAnnotationProcessor': no URL paths identified
2018-08-26 09:48:46,256 DEBUG o.s.w.s.h.AbstractDetectingUrlHandlerMapping [main] Rejected bean name 'org.springframework.context.annotation.internalAutowiredAnnotationProcessor': no URL paths identified
2018-08-26 09:48:46,256 DEBUG o.s.w.s.h.AbstractDetectingUrlHandlerMapping [main] Rejected bean name 'org.springframework.context.annotation.internalRequiredAnnotationProcessor': no URL paths identified
2018-08-26 09:48:46,256 DEBUG o.s.w.s.h.AbstractDetectingUrlHandlerMapping [main] Rejected bean name 'org.springframework.context.annotation.internalCommonAnnotationProcessor': no URL paths identified
2018-08-26 09:48:46,257 DEBUG o.s.w.s.h.AbstractDetectingUrlHandlerMapping [main] Rejected bean name 'org.springframework.context.event.internalEventListenerProcessor': no URL paths identified
2018-08-26 09:48:46,257 DEBUG o.s.w.s.h.AbstractDetectingUrlHandlerMapping [main] Rejected bean name 'org.springframework.context.event.internalEventListenerFactory': no URL paths identified
2018-08-26 09:48:46,257 DEBUG o.s.w.s.h.AbstractDetectingUrlHandlerMapping [main] Rejected bean name 'springBootRestPalindromeApplication': no URL paths identified
2018-08-26 09:48:46,257 DEBUG o.s.w.s.h.AbstractDetectingUrlHandlerMapping [main] Rejected bean name 'org.springframework.boot.autoconfigure.internalCachingMetadataReaderFactory': no URL paths identified
2018-08-26 09:48:46,257 DEBUG o.s.w.s.h.AbstractDetectingUrlHandlerMapping [main] Rejected bean name 'englishTextController': no URL paths identified
2018-08-26 09:48:46,257 DEBUG o.s.w.s.h.AbstractDetectingUrlHandlerMapping [main] Rejected bean name 'error': no URL paths identified
2018-08-26 09:48:46,258 DEBUG o.s.w.s.h.AbstractDetectingUrlHandlerMapping [main] Rejected bean name 'englishTextServiceImpl': no URL paths identified
2018-08-26 09:48:46,258 DEBUG o.s.w.s.h.AbstractDetectingUrlHandlerMapping [main] Rejected bean name 'org.springframework.boot.autoconfigure.AutoConfigurationPackages': no URL paths identified
2018-08-26 09:48:46,258 DEBUG o.s.w.s.h.AbstractDetectingUrlHandlerMapping [main] Rejected bean name 'org.springframework.boot.autoconfigure.context.PropertyPlaceholderAutoConfiguration': no URL paths identified
2018-08-26 09:48:46,258 DEBUG o.s.w.s.h.AbstractDetectingUrlHandlerMapping [main] Rejected bean name 'org.springframework.boot.autoconfigure.condition.BeanTypeRegistry': no URL paths identified
2018-08-26 09:48:46,258 DEBUG o.s.w.s.h.AbstractDetectingUrlHandlerMapping [main] Rejected bean name 'propertySourcesPlaceholderConfigurer': no URL paths identified
2018-08-26 09:48:46,258 DEBUG o.s.w.s.h.AbstractDetectingUrlHandlerMapping [main] Rejected bean name 'org.springframework.boot.autoconfigure.websocket.servlet.WebSocketServletAutoConfiguration$TomcatWebSocketConfiguration': no URL paths identified
2018-08-26 09:48:46,258 DEBUG o.s.w.s.h.AbstractDetectingUrlHandlerMapping [main] Rejected bean name 'websocketContainerCustomizer': no URL paths identified
2018-08-26 09:48:46,259 DEBUG o.s.w.s.h.AbstractDetectingUrlHandlerMapping [main] Rejected bean name 'org.springframework.boot.autoconfigure.websocket.servlet.WebSocketServletAutoConfiguration': no URL paths identified
2018-08-26 09:48:46,259 DEBUG o.s.w.s.h.AbstractDetectingUrlHandlerMapping [main] Rejected bean name 'org.springframework.boot.autoconfigure.web.servlet.ServletWebServerFactoryConfiguration$EmbeddedTomcat': no URL paths identified
2018-08-26 09:48:46,259 DEBUG o.s.w.s.h.AbstractDetectingUrlHandlerMapping [main] Rejected bean name 'tomcatServletWebServerFactory': no URL paths identified
2018-08-26 09:48:46,259 DEBUG o.s.w.s.h.AbstractDetectingUrlHandlerMapping [main] Rejected bean name 'org.springframework.boot.autoconfigure.web.servlet.ServletWebServerFactoryAutoConfiguration': no URL paths identified
2018-08-26 09:48:46,259 DEBUG o.s.w.s.h.AbstractDetectingUrlHandlerMapping [main] Rejected bean name 'servletWebServerFactoryCustomizer': no URL paths identified
2018-08-26 09:48:46,259 DEBUG o.s.w.s.h.AbstractDetectingUrlHandlerMapping [main] Rejected bean name 'tomcatServletWebServerFactoryCustomizer': no URL paths identified
2018-08-26 09:48:46,259 DEBUG o.s.w.s.h.AbstractDetectingUrlHandlerMapping [main] Rejected bean name 'server-org.springframework.boot.autoconfigure.web.ServerProperties': no URL paths identified
2018-08-26 09:48:46,260 DEBUG o.s.w.s.h.AbstractDetectingUrlHandlerMapping [main] Rejected bean name 'org.springframework.boot.context.properties.ConfigurationPropertiesBindingPostProcessor': no URL paths identified
2018-08-26 09:48:46,260 DEBUG o.s.w.s.h.AbstractDetectingUrlHandlerMapping [main] Rejected bean name 'org.springframework.boot.context.properties.ConfigurationBeanFactoryMetadata': no URL paths identified
2018-08-26 09:48:46,260 DEBUG o.s.w.s.h.AbstractDetectingUrlHandlerMapping [main] Rejected bean name 'webServerFactoryCustomizerBeanPostProcessor': no URL paths identified
2018-08-26 09:48:46,260 DEBUG o.s.w.s.h.AbstractDetectingUrlHandlerMapping [main] Rejected bean name 'errorPageRegistrarBeanPostProcessor': no URL paths identified
2018-08-26 09:48:46,260 DEBUG o.s.w.s.h.AbstractDetectingUrlHandlerMapping [main] Rejected bean name 'org.springframework.boot.autoconfigure.web.servlet.DispatcherServletAutoConfiguration$DispatcherServletConfiguration': no URL paths identified
2018-08-26 09:48:46,261 DEBUG o.s.w.s.h.AbstractDetectingUrlHandlerMapping [main] Rejected bean name 'dispatcherServlet': no URL paths identified
2018-08-26 09:48:46,261 DEBUG o.s.w.s.h.AbstractDetectingUrlHandlerMapping [main] Rejected bean name 'spring.mvc-org.springframework.boot.autoconfigure.web.servlet.WebMvcProperties': no URL paths identified
2018-08-26 09:48:46,261 DEBUG o.s.w.s.h.AbstractDetectingUrlHandlerMapping [main] Rejected bean name 'org.springframework.boot.autoconfigure.web.servlet.DispatcherServletAutoConfiguration$DispatcherServletRegistrationConfiguration': no URL paths identified
2018-08-26 09:48:46,261 DEBUG o.s.w.s.h.AbstractDetectingUrlHandlerMapping [main] Rejected bean name 'dispatcherServletRegistration': no URL paths identified
2018-08-26 09:48:46,261 DEBUG o.s.w.s.h.AbstractDetectingUrlHandlerMapping [main] Rejected bean name 'org.springframework.boot.autoconfigure.web.servlet.DispatcherServletAutoConfiguration': no URL paths identified
2018-08-26 09:48:46,261 DEBUG o.s.w.s.h.AbstractDetectingUrlHandlerMapping [main] Rejected bean name 'org.springframework.boot.autoconfigure.validation.ValidationAutoConfiguration': no URL paths identified
2018-08-26 09:48:46,261 DEBUG o.s.w.s.h.AbstractDetectingUrlHandlerMapping [main] Rejected bean name 'defaultValidator': no URL paths identified
2018-08-26 09:48:46,262 DEBUG o.s.w.s.h.AbstractDetectingUrlHandlerMapping [main] Rejected bean name 'methodValidationPostProcessor': no URL paths identified
2018-08-26 09:48:46,262 DEBUG o.s.w.s.h.AbstractDetectingUrlHandlerMapping [main] Rejected bean name 'org.springframework.boot.autoconfigure.web.servlet.error.ErrorMvcAutoConfiguration$DefaultErrorViewResolverConfiguration': no URL paths identified
2018-08-26 09:48:46,262 DEBUG o.s.w.s.h.AbstractDetectingUrlHandlerMapping [main] Rejected bean name 'conventionErrorViewResolver': no URL paths identified
2018-08-26 09:48:46,262 DEBUG o.s.w.s.h.AbstractDetectingUrlHandlerMapping [main] Rejected bean name 'org.springframework.boot.autoconfigure.web.servlet.error.ErrorMvcAutoConfiguration': no URL paths identified
2018-08-26 09:48:46,262 DEBUG o.s.w.s.h.AbstractDetectingUrlHandlerMapping [main] Rejected bean name 'errorAttributes': no URL paths identified
2018-08-26 09:48:46,262 DEBUG o.s.w.s.h.AbstractDetectingUrlHandlerMapping [main] Rejected bean name 'basicErrorController': no URL paths identified
2018-08-26 09:48:46,262 DEBUG o.s.w.s.h.AbstractDetectingUrlHandlerMapping [main] Rejected bean name 'errorPageCustomizer': no URL paths identified
2018-08-26 09:48:46,263 DEBUG o.s.w.s.h.AbstractDetectingUrlHandlerMapping [main] Rejected bean name 'preserveErrorControllerTargetClassPostProcessor': no URL paths identified
2018-08-26 09:48:46,263 DEBUG o.s.w.s.h.AbstractDetectingUrlHandlerMapping [main] Rejected bean name 'spring.resources-org.springframework.boot.autoconfigure.web.ResourceProperties': no URL paths identified
2018-08-26 09:48:46,263 DEBUG o.s.w.s.h.AbstractDetectingUrlHandlerMapping [main] Rejected bean name 'org.springframework.boot.autoconfigure.web.servlet.WebMvcAutoConfiguration$WebMvcAutoConfigurationAdapter$FaviconConfiguration': no URL paths identified
2018-08-26 09:48:46,263 DEBUG o.s.w.s.h.AbstractDetectingUrlHandlerMapping [main] Rejected bean name 'faviconHandlerMapping': no URL paths identified
2018-08-26 09:48:46,263 DEBUG o.s.w.s.h.AbstractDetectingUrlHandlerMapping [main] Rejected bean name 'faviconRequestHandler': no URL paths identified
2018-08-26 09:48:46,263 DEBUG o.s.w.s.h.AbstractDetectingUrlHandlerMapping [main] Rejected bean name 'org.springframework.boot.autoconfigure.web.servlet.WebMvcAutoConfiguration$EnableWebMvcConfiguration': no URL paths identified
2018-08-26 09:48:46,263 DEBUG o.s.w.s.h.AbstractDetectingUrlHandlerMapping [main] Rejected bean name 'requestMappingHandlerAdapter': no URL paths identified
2018-08-26 09:48:46,264 DEBUG o.s.w.s.h.AbstractDetectingUrlHandlerMapping [main] Rejected bean name 'requestMappingHandlerMapping': no URL paths identified
2018-08-26 09:48:46,264 DEBUG o.s.w.s.h.AbstractDetectingUrlHandlerMapping [main] Rejected bean name 'mvcConversionService': no URL paths identified
2018-08-26 09:48:46,264 DEBUG o.s.w.s.h.AbstractDetectingUrlHandlerMapping [main] Rejected bean name 'mvcValidator': no URL paths identified
2018-08-26 09:48:46,264 DEBUG o.s.w.s.h.AbstractDetectingUrlHandlerMapping [main] Rejected bean name 'mvcContentNegotiationManager': no URL paths identified
2018-08-26 09:48:46,264 DEBUG o.s.w.s.h.AbstractDetectingUrlHandlerMapping [main] Rejected bean name 'mvcPathMatcher': no URL paths identified
2018-08-26 09:48:46,264 DEBUG o.s.w.s.h.AbstractDetectingUrlHandlerMapping [main] Rejected bean name 'mvcUrlPathHelper': no URL paths identified
2018-08-26 09:48:46,264 DEBUG o.s.w.s.h.AbstractDetectingUrlHandlerMapping [main] Rejected bean name 'viewControllerHandlerMapping': no URL paths identified
2018-08-26 09:48:46,265 DEBUG o.s.w.s.h.AbstractDetectingUrlHandlerMapping [main] Rejected bean name 'beanNameHandlerMapping': no URL paths identified
2018-08-26 09:48:46,265 DEBUG o.s.w.s.h.AbstractDetectingUrlHandlerMapping [main] Rejected bean name 'resourceHandlerMapping': no URL paths identified
2018-08-26 09:48:46,265 DEBUG o.s.w.s.h.AbstractDetectingUrlHandlerMapping [main] Rejected bean name 'mvcResourceUrlProvider': no URL paths identified
2018-08-26 09:48:46,265 DEBUG o.s.w.s.h.AbstractDetectingUrlHandlerMapping [main] Rejected bean name 'defaultServletHandlerMapping': no URL paths identified
2018-08-26 09:48:46,265 DEBUG o.s.w.s.h.AbstractDetectingUrlHandlerMapping [main] Rejected bean name 'mvcUriComponentsContributor': no URL paths identified
2018-08-26 09:48:46,265 DEBUG o.s.w.s.h.AbstractDetectingUrlHandlerMapping [main] Rejected bean name 'httpRequestHandlerAdapter': no URL paths identified
2018-08-26 09:48:46,265 DEBUG o.s.w.s.h.AbstractDetectingUrlHandlerMapping [main] Rejected bean name 'simpleControllerHandlerAdapter': no URL paths identified
2018-08-26 09:48:46,265 DEBUG o.s.w.s.h.AbstractDetectingUrlHandlerMapping [main] Rejected bean name 'handlerExceptionResolver': no URL paths identified
2018-08-26 09:48:46,266 DEBUG o.s.w.s.h.AbstractDetectingUrlHandlerMapping [main] Rejected bean name 'mvcViewResolver': no URL paths identified
2018-08-26 09:48:46,266 DEBUG o.s.w.s.h.AbstractDetectingUrlHandlerMapping [main] Rejected bean name 'mvcHandlerMappingIntrospector': no URL paths identified
2018-08-26 09:48:46,266 DEBUG o.s.w.s.h.AbstractDetectingUrlHandlerMapping [main] Rejected bean name 'org.springframework.boot.autoconfigure.web.servlet.WebMvcAutoConfiguration$WebMvcAutoConfigurationAdapter': no URL paths identified
2018-08-26 09:48:46,266 DEBUG o.s.w.s.h.AbstractDetectingUrlHandlerMapping [main] Rejected bean name 'defaultViewResolver': no URL paths identified
2018-08-26 09:48:46,266 DEBUG o.s.w.s.h.AbstractDetectingUrlHandlerMapping [main] Rejected bean name 'viewResolver': no URL paths identified
2018-08-26 09:48:46,266 DEBUG o.s.w.s.h.AbstractDetectingUrlHandlerMapping [main] Rejected bean name 'welcomePageHandlerMapping': no URL paths identified
2018-08-26 09:48:46,266 DEBUG o.s.w.s.h.AbstractDetectingUrlHandlerMapping [main] Rejected bean name 'requestContextFilter': no URL paths identified
2018-08-26 09:48:46,267 DEBUG o.s.w.s.h.AbstractDetectingUrlHandlerMapping [main] Rejected bean name 'org.springframework.boot.autoconfigure.web.servlet.WebMvcAutoConfiguration': no URL paths identified
2018-08-26 09:48:46,267 DEBUG o.s.w.s.h.AbstractDetectingUrlHandlerMapping [main] Rejected bean name 'hiddenHttpMethodFilter': no URL paths identified
2018-08-26 09:48:46,267 DEBUG o.s.w.s.h.AbstractDetectingUrlHandlerMapping [main] Rejected bean name 'httpPutFormContentFilter': no URL paths identified
2018-08-26 09:48:46,267 DEBUG o.s.w.s.h.AbstractDetectingUrlHandlerMapping [main] Rejected bean name 'org.springframework.boot.autoconfigure.jmx.JmxAutoConfiguration': no URL paths identified
2018-08-26 09:48:46,267 DEBUG o.s.w.s.h.AbstractDetectingUrlHandlerMapping [main] Rejected bean name 'mbeanExporter': no URL paths identified
2018-08-26 09:48:46,267 DEBUG o.s.w.s.h.AbstractDetectingUrlHandlerMapping [main] Rejected bean name 'objectNamingStrategy': no URL paths identified
2018-08-26 09:48:46,267 DEBUG o.s.w.s.h.AbstractDetectingUrlHandlerMapping [main] Rejected bean name 'mbeanServer': no URL paths identified
2018-08-26 09:48:46,267 DEBUG o.s.w.s.h.AbstractDetectingUrlHandlerMapping [main] Rejected bean name 'org.springframework.boot.autoconfigure.context.ConfigurationPropertiesAutoConfiguration': no URL paths identified
2018-08-26 09:48:46,268 DEBUG o.s.w.s.h.AbstractDetectingUrlHandlerMapping [main] Rejected bean name 'org.springframework.boot.autoconfigure.jackson.JacksonAutoConfiguration$Jackson2ObjectMapperBuilderCustomizerConfiguration': no URL paths identified
2018-08-26 09:48:46,268 DEBUG o.s.w.s.h.AbstractDetectingUrlHandlerMapping [main] Rejected bean name 'standardJacksonObjectMapperBuilderCustomizer': no URL paths identified
2018-08-26 09:48:46,268 DEBUG o.s.w.s.h.AbstractDetectingUrlHandlerMapping [main] Rejected bean name 'spring.jackson-org.springframework.boot.autoconfigure.jackson.JacksonProperties': no URL paths identified
2018-08-26 09:48:46,268 DEBUG o.s.w.s.h.AbstractDetectingUrlHandlerMapping [main] Rejected bean name 'org.springframework.boot.autoconfigure.jackson.JacksonAutoConfiguration$JacksonObjectMapperBuilderConfiguration': no URL paths identified
2018-08-26 09:48:46,268 DEBUG o.s.w.s.h.AbstractDetectingUrlHandlerMapping [main] Rejected bean name 'jacksonObjectMapperBuilder': no URL paths identified
2018-08-26 09:48:46,268 DEBUG o.s.w.s.h.AbstractDetectingUrlHandlerMapping [main] Rejected bean name 'org.springframework.boot.autoconfigure.jackson.JacksonAutoConfiguration$ParameterNamesModuleConfiguration': no URL paths identified
2018-08-26 09:48:46,268 DEBUG o.s.w.s.h.AbstractDetectingUrlHandlerMapping [main] Rejected bean name 'parameterNamesModule': no URL paths identified
2018-08-26 09:48:46,268 DEBUG o.s.w.s.h.AbstractDetectingUrlHandlerMapping [main] Rejected bean name 'org.springframework.boot.autoconfigure.jackson.JacksonAutoConfiguration$JacksonObjectMapperConfiguration': no URL paths identified
2018-08-26 09:48:46,269 DEBUG o.s.w.s.h.AbstractDetectingUrlHandlerMapping [main] Rejected bean name 'jacksonObjectMapper': no URL paths identified
2018-08-26 09:48:46,269 DEBUG o.s.w.s.h.AbstractDetectingUrlHandlerMapping [main] Rejected bean name 'org.springframework.boot.autoconfigure.jackson.JacksonAutoConfiguration': no URL paths identified
2018-08-26 09:48:46,269 DEBUG o.s.w.s.h.AbstractDetectingUrlHandlerMapping [main] Rejected bean name 'jsonComponentModule': no URL paths identified
2018-08-26 09:48:46,269 DEBUG o.s.w.s.h.AbstractDetectingUrlHandlerMapping [main] Rejected bean name 'org.springframework.boot.autoconfigure.http.HttpMessageConvertersAutoConfiguration$StringHttpMessageConverterConfiguration': no URL paths identified
2018-08-26 09:48:46,269 DEBUG o.s.w.s.h.AbstractDetectingUrlHandlerMapping [main] Rejected bean name 'stringHttpMessageConverter': no URL paths identified
2018-08-26 09:48:46,269 DEBUG o.s.w.s.h.AbstractDetectingUrlHandlerMapping [main] Rejected bean name 'spring.http.encoding-org.springframework.boot.autoconfigure.http.HttpEncodingProperties': no URL paths identified
2018-08-26 09:48:46,269 DEBUG o.s.w.s.h.AbstractDetectingUrlHandlerMapping [main] Rejected bean name 'org.springframework.boot.autoconfigure.http.JacksonHttpMessageConvertersConfiguration$MappingJackson2HttpMessageConverterConfiguration': no URL paths identified
2018-08-26 09:48:46,270 DEBUG o.s.w.s.h.AbstractDetectingUrlHandlerMapping [main] Rejected bean name 'mappingJackson2HttpMessageConverter': no URL paths identified
2018-08-26 09:48:46,270 DEBUG o.s.w.s.h.AbstractDetectingUrlHandlerMapping [main] Rejected bean name 'org.springframework.boot.autoconfigure.http.JacksonHttpMessageConvertersConfiguration': no URL paths identified
2018-08-26 09:48:46,270 DEBUG o.s.w.s.h.AbstractDetectingUrlHandlerMapping [main] Rejected bean name 'org.springframework.boot.autoconfigure.http.HttpMessageConvertersAutoConfiguration': no URL paths identified
2018-08-26 09:48:46,270 DEBUG o.s.w.s.h.AbstractDetectingUrlHandlerMapping [main] Rejected bean name 'messageConverters': no URL paths identified
2018-08-26 09:48:46,270 DEBUG o.s.w.s.h.AbstractDetectingUrlHandlerMapping [main] Rejected bean name 'org.springframework.boot.autoconfigure.http.codec.CodecsAutoConfiguration$JacksonCodecConfiguration': no URL paths identified
2018-08-26 09:48:46,270 DEBUG o.s.w.s.h.AbstractDetectingUrlHandlerMapping [main] Rejected bean name 'jacksonCodecCustomizer': no URL paths identified
2018-08-26 09:48:46,270 DEBUG o.s.w.s.h.AbstractDetectingUrlHandlerMapping [main] Rejected bean name 'org.springframework.boot.autoconfigure.http.codec.CodecsAutoConfiguration': no URL paths identified
2018-08-26 09:48:46,270 DEBUG o.s.w.s.h.AbstractDetectingUrlHandlerMapping [main] Rejected bean name 'org.springframework.boot.autoconfigure.info.ProjectInfoAutoConfiguration': no URL paths identified
2018-08-26 09:48:46,271 DEBUG o.s.w.s.h.AbstractDetectingUrlHandlerMapping [main] Rejected bean name 'spring.info-org.springframework.boot.autoconfigure.info.ProjectInfoProperties': no URL paths identified
2018-08-26 09:48:46,271 DEBUG o.s.w.s.h.AbstractDetectingUrlHandlerMapping [main] Rejected bean name 'org.springframework.boot.autoconfigure.security.reactive.ReactiveSecurityAutoConfiguration': no URL paths identified
2018-08-26 09:48:46,271 DEBUG o.s.w.s.h.AbstractDetectingUrlHandlerMapping [main] Rejected bean name 'spring.security-org.springframework.boot.autoconfigure.security.SecurityProperties': no URL paths identified
2018-08-26 09:48:46,271 DEBUG o.s.w.s.h.AbstractDetectingUrlHandlerMapping [main] Rejected bean name 'org.springframework.boot.autoconfigure.thymeleaf.ThymeleafAutoConfiguration$ThymeleafJava8TimeDialect': no URL paths identified
2018-08-26 09:48:46,271 DEBUG o.s.w.s.h.AbstractDetectingUrlHandlerMapping [main] Rejected bean name 'java8TimeDialect': no URL paths identified
2018-08-26 09:48:46,271 DEBUG o.s.w.s.h.AbstractDetectingUrlHandlerMapping [main] Rejected bean name 'org.springframework.boot.autoconfigure.thymeleaf.ThymeleafAutoConfiguration$ThymeleafWebMvcConfiguration$ThymeleafViewResolverConfiguration': no URL paths identified
2018-08-26 09:48:46,271 DEBUG o.s.w.s.h.AbstractDetectingUrlHandlerMapping [main] Rejected bean name 'thymeleafViewResolver': no URL paths identified
2018-08-26 09:48:46,271 DEBUG o.s.w.s.h.AbstractDetectingUrlHandlerMapping [main] Rejected bean name 'org.springframework.boot.autoconfigure.thymeleaf.ThymeleafAutoConfiguration$ThymeleafWebMvcConfiguration': no URL paths identified
2018-08-26 09:48:46,272 DEBUG o.s.w.s.h.AbstractDetectingUrlHandlerMapping [main] Rejected bean name 'org.springframework.boot.autoconfigure.thymeleaf.ThymeleafAutoConfiguration$ThymeleafDefaultConfiguration': no URL paths identified
2018-08-26 09:48:46,272 DEBUG o.s.w.s.h.AbstractDetectingUrlHandlerMapping [main] Rejected bean name 'templateEngine': no URL paths identified
2018-08-26 09:48:46,272 DEBUG o.s.w.s.h.AbstractDetectingUrlHandlerMapping [main] Rejected bean name 'org.springframework.boot.autoconfigure.thymeleaf.ThymeleafAutoConfiguration$DefaultTemplateResolverConfiguration': no URL paths identified
2018-08-26 09:48:46,272 DEBUG o.s.w.s.h.AbstractDetectingUrlHandlerMapping [main] Rejected bean name 'defaultTemplateResolver': no URL paths identified
2018-08-26 09:48:46,272 DEBUG o.s.w.s.h.AbstractDetectingUrlHandlerMapping [main] Rejected bean name 'org.springframework.boot.autoconfigure.thymeleaf.ThymeleafAutoConfiguration': no URL paths identified
2018-08-26 09:48:46,272 DEBUG o.s.w.s.h.AbstractDetectingUrlHandlerMapping [main] Rejected bean name 'spring.thymeleaf-org.springframework.boot.autoconfigure.thymeleaf.ThymeleafProperties': no URL paths identified
2018-08-26 09:48:46,272 DEBUG o.s.w.s.h.AbstractDetectingUrlHandlerMapping [main] Rejected bean name 'org.springframework.boot.autoconfigure.web.client.RestTemplateAutoConfiguration': no URL paths identified
2018-08-26 09:48:46,272 DEBUG o.s.w.s.h.AbstractDetectingUrlHandlerMapping [main] Rejected bean name 'restTemplateBuilder': no URL paths identified
2018-08-26 09:48:46,273 DEBUG o.s.w.s.h.AbstractDetectingUrlHandlerMapping [main] Rejected bean name 'org.springframework.boot.autoconfigure.web.embedded.EmbeddedWebServerFactoryCustomizerAutoConfiguration$TomcatWebServerFactoryCustomizerConfiguration': no URL paths identified
2018-08-26 09:48:46,273 DEBUG o.s.w.s.h.AbstractDetectingUrlHandlerMapping [main] Rejected bean name 'tomcatWebServerFactoryCustomizer': no URL paths identified
2018-08-26 09:48:46,273 DEBUG o.s.w.s.h.AbstractDetectingUrlHandlerMapping [main] Rejected bean name 'org.springframework.boot.autoconfigure.web.embedded.EmbeddedWebServerFactoryCustomizerAutoConfiguration': no URL paths identified
2018-08-26 09:48:46,273 DEBUG o.s.w.s.h.AbstractDetectingUrlHandlerMapping [main] Rejected bean name 'org.springframework.boot.autoconfigure.web.servlet.HttpEncodingAutoConfiguration': no URL paths identified
2018-08-26 09:48:46,273 DEBUG o.s.w.s.h.AbstractDetectingUrlHandlerMapping [main] Rejected bean name 'characterEncodingFilter': no URL paths identified
2018-08-26 09:48:46,273 DEBUG o.s.w.s.h.AbstractDetectingUrlHandlerMapping [main] Rejected bean name 'localeCharsetMappingsCustomizer': no URL paths identified
2018-08-26 09:48:46,273 DEBUG o.s.w.s.h.AbstractDetectingUrlHandlerMapping [main] Rejected bean name 'org.springframework.boot.autoconfigure.web.servlet.MultipartAutoConfiguration': no URL paths identified
2018-08-26 09:48:46,273 DEBUG o.s.w.s.h.AbstractDetectingUrlHandlerMapping [main] Rejected bean name 'multipartConfigElement': no URL paths identified
2018-08-26 09:48:46,274 DEBUG o.s.w.s.h.AbstractDetectingUrlHandlerMapping [main] Rejected bean name 'multipartResolver': no URL paths identified
2018-08-26 09:48:46,274 DEBUG o.s.w.s.h.AbstractDetectingUrlHandlerMapping [main] Rejected bean name 'spring.servlet.multipart-org.springframework.boot.autoconfigure.web.servlet.MultipartProperties': no URL paths identified
2018-08-26 09:48:46,274 DEBUG o.s.w.s.h.AbstractDetectingUrlHandlerMapping [main] Rejected bean name 'autoConfigurationReport': no URL paths identified
2018-08-26 09:48:46,274 DEBUG o.s.w.s.h.AbstractDetectingUrlHandlerMapping [main] Rejected bean name 'org.springframework.boot.context.ContextIdApplicationContextInitializer$ContextId': no URL paths identified
2018-08-26 09:48:46,274 DEBUG o.s.w.s.h.AbstractDetectingUrlHandlerMapping [main] Rejected bean name 'springApplicationArguments': no URL paths identified
2018-08-26 09:48:46,274 DEBUG o.s.w.s.h.AbstractDetectingUrlHandlerMapping [main] Rejected bean name 'springBootBanner': no URL paths identified
2018-08-26 09:48:46,274 DEBUG o.s.w.s.h.AbstractDetectingUrlHandlerMapping [main] Rejected bean name 'springBootLoggingSystem': no URL paths identified
2018-08-26 09:48:46,274 DEBUG o.s.w.s.h.AbstractDetectingUrlHandlerMapping [main] Rejected bean name 'environment': no URL paths identified
2018-08-26 09:48:46,274 DEBUG o.s.w.s.h.AbstractDetectingUrlHandlerMapping [main] Rejected bean name 'systemProperties': no URL paths identified
2018-08-26 09:48:46,275 DEBUG o.s.w.s.h.AbstractDetectingUrlHandlerMapping [main] Rejected bean name 'systemEnvironment': no URL paths identified
2018-08-26 09:48:46,275 DEBUG o.s.w.s.h.AbstractDetectingUrlHandlerMapping [main] Rejected bean name 'org.springframework.context.annotation.ConfigurationClassPostProcessor.importRegistry': no URL paths identified
2018-08-26 09:48:46,275 DEBUG o.s.w.s.h.AbstractDetectingUrlHandlerMapping [main] Rejected bean name 'messageSource': no URL paths identified
2018-08-26 09:48:46,275 DEBUG o.s.w.s.h.AbstractDetectingUrlHandlerMapping [main] Rejected bean name 'applicationEventMulticaster': no URL paths identified
2018-08-26 09:48:46,275 DEBUG o.s.w.s.h.AbstractDetectingUrlHandlerMapping [main] Rejected bean name 'servletContext': no URL paths identified
2018-08-26 09:48:46,275 DEBUG o.s.w.s.h.AbstractDetectingUrlHandlerMapping [main] Rejected bean name 'contextParameters': no URL paths identified
2018-08-26 09:48:46,275 DEBUG o.s.w.s.h.AbstractDetectingUrlHandlerMapping [main] Rejected bean name 'contextAttributes': no URL paths identified
2018-08-26 09:48:46,279 INFO o.s.w.s.h.AbstractUrlHandlerMapping [main] Mapped URL path [/webjars/**] onto handler of type [class org.springframework.web.servlet.resource.ResourceHttpRequestHandler]
2018-08-26 09:48:46,280 INFO o.s.w.s.h.AbstractUrlHandlerMapping [main] Mapped URL path [/**] onto handler of type [class org.springframework.web.servlet.resource.ResourceHttpRequestHandler]
2018-08-26 09:48:46,290 DEBUG o.s.w.s.m.m.a.ExceptionHandlerExceptionResolver [main] Looking for exception mappings: org.springframework.boot.web.servlet.context.AnnotationConfigServletWebServerApplicationContext@511baa65: startup date [Sun Aug 26 09:48:44 EDT 2018]; root of context hierarchy
2018-08-26 09:48:46,363 INFO o.s.b.a.w.s.WelcomePageHandlerMapping [main] Adding welcome page template: index
2018-08-26 09:48:46,445 INFO o.s.j.e.MBeanExporter [main] Registering beans for JMX exposure on startup
2018-08-26 09:48:46,454 DEBUG o.s.w.s.r.ResourceUrlProvider [main] Looking for resource handler mappings
2018-08-26 09:48:46,455 DEBUG o.s.w.s.r.ResourceUrlProvider [main] Found resource handler mapping: URL pattern="/**/favicon.ico", locations=[class path resource [META-INF/resources/], class path resource [resources/], class path resource [static/], class path resource [public/], ServletContext resource [/], class path resource []], resolvers=[org.springframework.web.servlet.resource.PathResourceResolver@9f116cc]
2018-08-26 09:48:46,455 DEBUG o.s.w.s.r.ResourceUrlProvider [main] Found resource handler mapping: URL pattern="/webjars/**", locations=[class path resource [META-INF/resources/webjars/]], resolvers=[org.springframework.web.servlet.resource.PathResourceResolver@12468a38]
2018-08-26 09:48:46,455 DEBUG o.s.w.s.r.ResourceUrlProvider [main] Found resource handler mapping: URL pattern="/**", locations=[class path resource [META-INF/resources/], class path resource [resources/], class path resource [static/], class path resource [public/], ServletContext resource [/]], resolvers=[org.springframework.web.servlet.resource.PathResourceResolver@1aa7ecca]
2018-08-26 09:48:46,457 INFO o.a.j.l.DirectJDKLog [main] Starting ProtocolHandler ["http-nio-8080"]
2018-08-26 09:48:46,477 INFO o.a.j.l.DirectJDKLog [main] Using a shared selector for servlet write/read
2018-08-26 09:48:46,492 INFO o.s.b.w.e.t.TomcatWebServer [main] Tomcat started on port(s): 8080 (http) with context path ''
2018-08-26 09:48:46,492 DEBUG o.s.c.e.MutablePropertySources [main] Adding PropertySource 'server.ports' with highest search precedence
2018-08-26 09:48:46,496 INFO o.s.b.StartupInfoLogger [main] Started SpringBootRestPalindromeApplication in 2.417 seconds (JVM running for 2.963)
2018-08-26 09:48:54,931 DEBUG o.s.w.s.HttpServletBean [http-nio-8080-exec-2] Initializing servlet 'dispatcherServlet'
2018-08-26 09:48:54,931 INFO o.a.j.l.DirectJDKLog [http-nio-8080-exec-2] Initializing Spring FrameworkServlet 'dispatcherServlet'
2018-08-26 09:48:54,931 INFO o.s.w.s.FrameworkServlet [http-nio-8080-exec-2] FrameworkServlet 'dispatcherServlet': initialization started
2018-08-26 09:48:54,932 DEBUG o.s.w.s.DispatcherServlet [http-nio-8080-exec-2] Using MultipartResolver [org.springframework.web.multipart.support.StandardServletMultipartResolver@6cf9f77d]
2018-08-26 09:48:55,443 DEBUG o.s.w.s.DispatcherServlet [http-nio-8080-exec-2] Unable to locate LocaleResolver with name 'localeResolver': using default [org.springframework.web.servlet.i18n.AcceptHeaderLocaleResolver@4d5d5a81]
2018-08-26 09:48:55,446 DEBUG o.s.w.s.DispatcherServlet [http-nio-8080-exec-2] Unable to locate ThemeResolver with name 'themeResolver': using default [org.springframework.web.servlet.theme.FixedThemeResolver@1badb8bb]
2018-08-26 09:48:55,448 DEBUG o.s.w.s.DispatcherServlet [http-nio-8080-exec-2] Unable to locate RequestToViewNameTranslator with name 'viewNameTranslator': using default [org.springframework.web.servlet.view.DefaultRequestToViewNameTranslator@36f41f7]
2018-08-26 09:48:55,451 DEBUG o.s.w.s.DispatcherServlet [http-nio-8080-exec-2] Unable to locate FlashMapManager with name 'flashMapManager': using default [org.springframework.web.servlet.support.SessionFlashMapManager@6c2d4080]
2018-08-26 09:48:55,451 DEBUG o.s.w.s.FrameworkServlet [http-nio-8080-exec-2] Published WebApplicationContext of servlet 'dispatcherServlet' as ServletContext attribute with name [org.springframework.web.servlet.FrameworkServlet.CONTEXT.dispatcherServlet]
2018-08-26 09:48:55,452 INFO o.s.w.s.FrameworkServlet [http-nio-8080-exec-2] FrameworkServlet 'dispatcherServlet': initialization completed in 520 ms
2018-08-26 09:48:55,452 DEBUG o.s.w.s.HttpServletBean [http-nio-8080-exec-2] Servlet 'dispatcherServlet' configured successfully
2018-08-26 09:48:55,459 DEBUG o.s.w.s.DispatcherServlet [http-nio-8080-exec-2] DispatcherServlet with name 'dispatcherServlet' processing GET request for [/]
2018-08-26 09:48:55,461 DEBUG o.s.w.s.h.AbstractHandlerMethodMapping [http-nio-8080-exec-2] Looking up handler method for path /
2018-08-26 09:48:55,462 DEBUG o.s.w.s.h.AbstractHandlerMethodMapping [http-nio-8080-exec-2] Returning handler method [public java.lang.String com.alem.palindrome.controller.EnglishTextController.index(java.util.Map<java.lang.String, java.lang.Object>)]
2018-08-26 09:48:55,463 DEBUG o.s.w.s.DispatcherServlet [http-nio-8080-exec-2] Last-Modified value for [/] is: -1
2018-08-26 09:48:55,474 DEBUG o.s.w.s.v.ContentNegotiatingViewResolver [http-nio-8080-exec-2] Requested media types are [text/html, application/xhtml+xml, application/xml;q=0.9, */*;q=0.8] based on Accept header types and producible media types [*/*])
2018-08-26 09:48:55,481 DEBUG o.s.w.s.v.ContentNegotiatingViewResolver [http-nio-8080-exec-2] Returning [org.thymeleaf.spring5.view.ThymeleafView@10b449c4] based on requested media type 'text/html'
2018-08-26 09:48:55,481 DEBUG o.s.w.s.DispatcherServlet [http-nio-8080-exec-2] Rendering view [org.thymeleaf.spring5.view.ThymeleafView@10b449c4] in DispatcherServlet with name 'dispatcherServlet'
2018-08-26 09:48:55,738 DEBUG o.s.w.s.FrameworkServlet [http-nio-8080-exec-2] Successfully completed request
2018-08-26 09:53:20,320 INFO o.s.c.s.AbstractApplicationContext [Thread-3] Closing org.springframework.boot.web.servlet.context.AnnotationConfigServletWebServerApplicationContext@511baa65: startup date [Sun Aug 26 09:48:44 EDT 2018]; root of context hierarchy
2018-08-26 09:53:20,322 INFO o.s.j.e.MBeanExporter [Thread-3] Unregistering JMX-exposed beans on shutdown
